<?xml version="1.0" encoding="UTF-8"?>
<!-- Generated by org.testng.reporters.JUnitReportReporter -->
<testsuite hostname="Kanstantsin-ой" failures="0" tests="1" name="FirstTest" time="0.010" errors="0" timestamp="23 Oct 2021 14:38:19 GMT">
  <testcase classname="FirstTest" name="testFirst" time="0.010"/>
</testsuite> <!-- FirstTest -->
